\BOOKMARK [1][-]{section.1}{Introduction}{}% 1
\BOOKMARK [1][-]{section.2}{Related Work}{}% 2
\BOOKMARK [1][-]{section.3}{Background}{}% 3
\BOOKMARK [1][-]{section.4}{Anchors Framework}{}% 4
\BOOKMARK [2][-]{subsection.4.1}{Application's Real-Time Perfomance Feedback}{section.4}% 5
\BOOKMARK [3][-]{subsubsection.4.1.1}{Heartbeat API}{subsection.4.1}% 6
\BOOKMARK [3][-]{subsubsection.4.1.2}{Inter-Domain Communication}{subsection.4.1}% 7
\BOOKMARK [2][-]{subsection.4.2}{VM Monitor}{section.4}% 8
\BOOKMARK [3][-]{subsubsection.4.2.1}{Xen Scheduler}{subsection.4.2}% 9
\BOOKMARK [1][-]{section.5}{Controller Algorithm}{}% 10
\BOOKMARK [2][-]{subsubsection.5.0.1}{AIMD}{section.5}% 11
\BOOKMARK [3][-]{subsubsection.5.0.2}{APID}{subsubsection.5.0.1}% 12
\BOOKMARK [3][-]{subsubsection.5.0.3}{Stride Scheduling}{subsubsection.5.0.1}% 13
\BOOKMARK [1][-]{section.6}{Evaluations and Discussion}{}% 14
\BOOKMARK [2][-]{subsection.6.1}{Overhead}{section.6}% 15
\BOOKMARK [2][-]{subsection.6.2}{Application}{section.6}% 16
\BOOKMARK [2][-]{subsection.6.3}{Experiments}{section.6}% 17
\BOOKMARK [3][-]{subsubsection.6.3.1}{Experiment 1: Monitoring VMs with Different Schedulers}{subsection.6.3}% 18
\BOOKMARK [3][-]{subsubsection.6.3.2}{Experiment 2: Monitoring Multiple VMs}{subsection.6.3}% 19
\BOOKMARK [3][-]{subsubsection.6.3.3}{Experiment 3: Monitoring VMs in an Overloading System}{subsection.6.3}% 20
\BOOKMARK [1][-]{section.7}{Conclusion and Future Work}{}% 21
\BOOKMARK [1][-]{section*.21}{References}{}% 22
